[2025-11-03 11:26:40] fib(1,) -> 1
[2025-11-03 11:26:40] fib(0,) -> 0
[2025-11-03 11:26:40] fib(2,) -> 1
[2025-11-03 11:26:40] fib(1,) -> 1
[2025-11-03 11:26:40] fib(3,) -> 2
[2025-11-03 11:26:40] fib(1,) -> 1
[2025-11-03 11:26:40] fib(0,) -> 0
[2025-11-03 11:26:40] fib(2,) -> 1
[2025-11-03 11:26:40] fib(4,) -> 3
[2025-11-03 11:26:40] fib(1,) -> 1
[2025-11-03 11:26:40] fib(0,) -> 0
[2025-11-03 11:26:40] fib(2,) -> 1
[2025-11-03 11:26:40] fib(1,) -> 1
[2025-11-03 11:26:40] fib(3,) -> 2
[2025-11-03 11:26:40] fib(5,) -> 5
[2025-11-03 11:26:40] fib_memorized(1,) -> 1
[2025-11-03 11:26:40] fib_memorized(0,) -> 0
[2025-11-03 11:26:40] fib_memorized(2,) -> 1
[2025-11-03 11:26:40] fib_memorized(1,) -> 1
[2025-11-03 11:26:40] fib_memorized(3,) -> 2
[2025-11-03 11:26:40] fib_memorized(1,) -> 1
[2025-11-03 11:26:40] fib_memorized(0,) -> 0
[2025-11-03 11:26:40] fib_memorized(2,) -> 1
[2025-11-03 11:26:40] fib_memorized(4,) -> 3
[2025-11-03 11:26:40] fib_memorized(1,) -> 1
[2025-11-03 11:26:40] fib_memorized(0,) -> 0
[2025-11-03 11:26:40] fib_memorized(2,) -> 1
[2025-11-03 11:26:40] fib_memorized(1,) -> 1
[2025-11-03 11:26:40] fib_memorized(3,) -> 2
[2025-11-03 11:26:40] fib_memorized(5,) -> 5
[2025-11-03 11:27:12] fib(1,) -> 1
[2025-11-03 11:27:12] fib(0,) -> 0
[2025-11-03 11:27:12] fib(2,) -> 1
[2025-11-03 11:27:12] fib(1,) -> 1
[2025-11-03 11:27:12] fib(3,) -> 2
[2025-11-03 11:27:12] fib(1,) -> 1
[2025-11-03 11:27:12] fib(0,) -> 0
[2025-11-03 11:27:12] fib(2,) -> 1
[2025-11-03 11:27:12] fib(4,) -> 3
[2025-11-03 11:27:12] fib(1,) -> 1
[2025-11-03 11:27:12] fib(0,) -> 0
[2025-11-03 11:27:12] fib(2,) -> 1
[2025-11-03 11:27:12] fib(1,) -> 1
[2025-11-03 11:27:12] fib(3,) -> 2
[2025-11-03 11:27:12] fib(5,) -> 5
[2025-11-03 11:27:12] fib_memorized(1,) -> 1
[2025-11-03 11:27:12] fib_memorized(0,) -> 0
[2025-11-03 11:27:12] fib_memorized(2,) -> 1
[2025-11-03 11:27:12] fib_memorized(1,) -> 1
[2025-11-03 11:27:12] fib_memorized(3,) -> 2
[2025-11-03 11:27:12] fib_memorized(1,) -> 1
[2025-11-03 11:27:12] fib_memorized(0,) -> 0
[2025-11-03 11:27:12] fib_memorized(2,) -> 1
[2025-11-03 11:27:12] fib_memorized(4,) -> 3
[2025-11-03 11:27:12] fib_memorized(1,) -> 1
[2025-11-03 11:27:12] fib_memorized(0,) -> 0
[2025-11-03 11:27:12] fib_memorized(2,) -> 1
[2025-11-03 11:27:12] fib_memorized(1,) -> 1
[2025-11-03 11:27:12] fib_memorized(3,) -> 2
[2025-11-03 11:27:12] fib_memorized(5,) -> 5
[2025-11-03 11:28:33] fib(1,) -> 1
[2025-11-03 11:28:33] fib(0,) -> 0
[2025-11-03 11:28:33] fib(2,) -> 1
[2025-11-03 11:28:33] fib(1,) -> 1
[2025-11-03 11:28:33] fib(3,) -> 2
[2025-11-03 11:28:33] fib(1,) -> 1
[2025-11-03 11:28:33] fib(0,) -> 0
[2025-11-03 11:28:33] fib(2,) -> 1
[2025-11-03 11:28:33] fib(4,) -> 3
[2025-11-03 11:28:33] fib(1,) -> 1
[2025-11-03 11:28:33] fib(0,) -> 0
[2025-11-03 11:28:33] fib(2,) -> 1
[2025-11-03 11:28:33] fib(1,) -> 1
[2025-11-03 11:28:33] fib(3,) -> 2
[2025-11-03 11:28:33] fib(5,) -> 5
[2025-11-03 11:28:33] fib_memorized(1,) -> 1
[2025-11-03 11:28:33] fib_memorized(0,) -> 0
[2025-11-03 11:28:33] fib_memorized(2,) -> 1
[2025-11-03 11:28:33] fib_memorized(1,) -> 1
[2025-11-03 11:28:33] fib_memorized(3,) -> 2
[2025-11-03 11:28:33] fib_memorized(2,) -> 1
[2025-11-03 11:28:33] fib_memorized(4,) -> 3
[2025-11-03 11:28:33] fib_memorized(3,) -> 2
[2025-11-03 11:28:33] fib_memorized(5,) -> 5
[2025-11-03 11:31:20] fib(1,) -> 1
[2025-11-03 11:31:20] fib(0,) -> 0
[2025-11-03 11:31:20] fib(2,) -> 1
[2025-11-03 11:31:20] fib(1,) -> 1
[2025-11-03 11:31:20] fib(3,) -> 2
[2025-11-03 11:31:20] fib(1,) -> 1
[2025-11-03 11:31:20] fib(0,) -> 0
[2025-11-03 11:31:20] fib(2,) -> 1
[2025-11-03 11:31:20] fib(4,) -> 3
[2025-11-03 11:31:20] fib(1,) -> 1
[2025-11-03 11:31:20] fib(0,) -> 0
[2025-11-03 11:31:20] fib(2,) -> 1
[2025-11-03 11:31:20] fib(1,) -> 1
[2025-11-03 11:31:20] fib(3,) -> 2
[2025-11-03 11:31:20] fib(5,) -> 5
[2025-11-03 11:31:20] fib_memorized(1,) -> 1
[2025-11-03 11:31:20] fib_memorized(0,) -> 0
[2025-11-03 11:31:20] fib_memorized(2,) -> 1
[2025-11-03 11:31:20] fib_memorized(1,) -> 1
[2025-11-03 11:31:20] fib_memorized(3,) -> 2
[2025-11-03 11:31:20] fib_memorized(2,) -> 1
[2025-11-03 11:31:20] fib_memorized(4,) -> 3
[2025-11-03 11:31:20] fib_memorized(3,) -> 2
[2025-11-03 11:31:20] fib_memorized(5,) -> 5
[2025-11-03 11:31:20] factorial(0,) -> 1
[2025-11-03 11:31:20] factorial(1,) -> 1
[2025-11-03 11:31:20] factorial(2,) -> 2
[2025-11-03 11:31:20] factorial(3,) -> 6
[2025-11-03 11:31:20] factorial(4,) -> 24
[2025-11-03 11:31:20] factorial(5,) -> 120
[2025-11-03 11:31:20] factorial(0,) -> 1
[2025-11-03 11:31:20] factorial(1,) -> 1
[2025-11-03 11:31:20] factorial(2,) -> 2
[2025-11-03 11:31:20] factorial(3,) -> 6
[2025-11-03 11:31:20] factorial(4,) -> 24
[2025-11-03 11:31:20] factorial_memorized(5,) -> 120
[2025-11-03 11:31:41] fib(1,) -> 1
[2025-11-03 11:31:41] fib(0,) -> 0
[2025-11-03 11:31:41] fib(2,) -> 1
[2025-11-03 11:31:41] fib(1,) -> 1
[2025-11-03 11:31:41] fib(3,) -> 2
[2025-11-03 11:31:41] fib(1,) -> 1
[2025-11-03 11:31:41] fib(0,) -> 0
[2025-11-03 11:31:41] fib(2,) -> 1
[2025-11-03 11:31:41] fib(4,) -> 3
[2025-11-03 11:31:41] fib(1,) -> 1
[2025-11-03 11:31:41] fib(0,) -> 0
[2025-11-03 11:31:41] fib(2,) -> 1
[2025-11-03 11:31:41] fib(1,) -> 1
[2025-11-03 11:31:41] fib(3,) -> 2
[2025-11-03 11:31:41] fib(5,) -> 5
[2025-11-03 11:31:41] fib_memorized(1,) -> 1
[2025-11-03 11:31:41] fib_memorized(0,) -> 0
[2025-11-03 11:31:41] fib_memorized(2,) -> 1
[2025-11-03 11:31:41] fib_memorized(1,) -> 1
[2025-11-03 11:31:41] fib_memorized(3,) -> 2
[2025-11-03 11:31:41] fib_memorized(2,) -> 1
[2025-11-03 11:31:41] fib_memorized(4,) -> 3
[2025-11-03 11:31:41] fib_memorized(3,) -> 2
[2025-11-03 11:31:41] fib_memorized(5,) -> 5
[2025-11-03 11:31:41] factorial(0,) -> 1
[2025-11-03 11:31:41] factorial(1,) -> 1
[2025-11-03 11:31:41] factorial(2,) -> 2
[2025-11-03 11:31:41] factorial(3,) -> 6
[2025-11-03 11:31:41] factorial(4,) -> 24
[2025-11-03 11:31:41] factorial(5,) -> 120
[2025-11-03 11:31:41] factorial(6,) -> 720
[2025-11-03 11:31:41] factorial(7,) -> 5040
[2025-11-03 11:31:41] factorial(8,) -> 40320
[2025-11-03 11:31:41] factorial(9,) -> 362880
[2025-11-03 11:31:41] factorial(10,) -> 3628800
[2025-11-03 11:31:41] factorial(0,) -> 1
[2025-11-03 11:31:41] factorial(1,) -> 1
[2025-11-03 11:31:41] factorial(2,) -> 2
[2025-11-03 11:31:41] factorial(3,) -> 6
[2025-11-03 11:31:41] factorial(4,) -> 24
[2025-11-03 11:31:41] factorial(5,) -> 120
[2025-11-03 11:31:41] factorial(6,) -> 720
[2025-11-03 11:31:41] factorial(7,) -> 5040
[2025-11-03 11:31:41] factorial(8,) -> 40320
[2025-11-03 11:31:41] factorial(9,) -> 362880
[2025-11-03 11:31:41] factorial_memorized(10,) -> 3628800
[2025-11-03 11:32:17] fib(1,) -> 1
[2025-11-03 11:32:17] fib(0,) -> 0
[2025-11-03 11:32:17] fib(2,) -> 1
[2025-11-03 11:32:17] fib(1,) -> 1
[2025-11-03 11:32:17] fib(3,) -> 2
[2025-11-03 11:32:17] fib(1,) -> 1
[2025-11-03 11:32:17] fib(0,) -> 0
[2025-11-03 11:32:17] fib(2,) -> 1
[2025-11-03 11:32:17] fib(4,) -> 3
[2025-11-03 11:32:17] fib(1,) -> 1
[2025-11-03 11:32:17] fib(0,) -> 0
[2025-11-03 11:32:17] fib(2,) -> 1
[2025-11-03 11:32:17] fib(1,) -> 1
[2025-11-03 11:32:17] fib(3,) -> 2
[2025-11-03 11:32:17] fib(5,) -> 5
[2025-11-03 11:32:17] fib_memorized(1,) -> 1
[2025-11-03 11:32:17] fib_memorized(0,) -> 0
[2025-11-03 11:32:17] fib_memorized(2,) -> 1
[2025-11-03 11:32:17] fib_memorized(1,) -> 1
[2025-11-03 11:32:17] fib_memorized(3,) -> 2
[2025-11-03 11:32:17] fib_memorized(2,) -> 1
[2025-11-03 11:32:17] fib_memorized(4,) -> 3
[2025-11-03 11:32:17] fib_memorized(3,) -> 2
[2025-11-03 11:32:17] fib_memorized(5,) -> 5
[2025-11-03 11:32:17] factorial(0,) -> 1
[2025-11-03 11:32:17] factorial(1,) -> 1
[2025-11-03 11:32:17] factorial(2,) -> 2
[2025-11-03 11:32:17] factorial(3,) -> 6
[2025-11-03 11:32:17] factorial(4,) -> 24
[2025-11-03 11:32:17] factorial(5,) -> 120
[2025-11-03 11:32:17] factorial(6,) -> 720
[2025-11-03 11:32:17] factorial(7,) -> 5040
[2025-11-03 11:32:17] factorial(8,) -> 40320
[2025-11-03 11:32:17] factorial(9,) -> 362880
[2025-11-03 11:32:17] factorial(10,) -> 3628800
[2025-11-03 11:32:17] factorial(0,) -> 1
[2025-11-03 11:32:17] factorial(1,) -> 1
[2025-11-03 11:32:17] factorial(2,) -> 2
[2025-11-03 11:32:17] factorial(3,) -> 6
[2025-11-03 11:32:17] factorial(4,) -> 24
[2025-11-03 11:32:17] factorial(5,) -> 120
[2025-11-03 11:32:17] factorial(6,) -> 720
[2025-11-03 11:32:17] factorial(7,) -> 5040
[2025-11-03 11:32:17] factorial(8,) -> 40320
[2025-11-03 11:32:17] factorial(9,) -> 362880
[2025-11-03 11:32:17] factorial_memorized(10,) -> 3628800
[2025-11-03 11:32:17] to_celsius(100,) -> 37.77777777777778
[2025-11-03 11:32:17] to_fahrenheit(0,) -> 32.0
[2025-11-03 11:33:33] fib(1,) -> 1
[2025-11-03 11:33:33] fib(0,) -> 0
[2025-11-03 11:33:33] fib(2,) -> 1
[2025-11-03 11:33:33] fib(1,) -> 1
[2025-11-03 11:33:33] fib(3,) -> 2
[2025-11-03 11:33:33] fib(1,) -> 1
[2025-11-03 11:33:33] fib(0,) -> 0
[2025-11-03 11:33:33] fib(2,) -> 1
[2025-11-03 11:33:33] fib(4,) -> 3
[2025-11-03 11:33:33] fib(1,) -> 1
[2025-11-03 11:33:33] fib(0,) -> 0
[2025-11-03 11:33:33] fib(2,) -> 1
[2025-11-03 11:33:33] fib(1,) -> 1
[2025-11-03 11:33:33] fib(3,) -> 2
[2025-11-03 11:33:33] fib(5,) -> 5
[2025-11-03 11:33:33] fib_memorized(1,) -> 1
[2025-11-03 11:33:33] fib_memorized(0,) -> 0
[2025-11-03 11:33:33] fib_memorized(2,) -> 1
[2025-11-03 11:33:33] fib_memorized(1,) -> 1
[2025-11-03 11:33:33] fib_memorized(3,) -> 2
[2025-11-03 11:33:33] fib_memorized(2,) -> 1
[2025-11-03 11:33:33] fib_memorized(4,) -> 3
[2025-11-03 11:33:33] fib_memorized(3,) -> 2
[2025-11-03 11:33:33] fib_memorized(5,) -> 5
[2025-11-03 11:33:33] factorial(0,) -> 1
[2025-11-03 11:33:33] factorial(1,) -> 1
[2025-11-03 11:33:33] factorial(2,) -> 2
[2025-11-03 11:33:33] factorial(3,) -> 6
[2025-11-03 11:33:33] factorial(4,) -> 24
[2025-11-03 11:33:33] factorial(5,) -> 120
[2025-11-03 11:33:33] factorial(6,) -> 720
[2025-11-03 11:33:33] factorial(7,) -> 5040
[2025-11-03 11:33:33] factorial(8,) -> 40320
[2025-11-03 11:33:33] factorial(9,) -> 362880
[2025-11-03 11:33:33] factorial(10,) -> 3628800
[2025-11-03 11:33:33] factorial(0,) -> 1
[2025-11-03 11:33:33] factorial(1,) -> 1
[2025-11-03 11:33:33] factorial(2,) -> 2
[2025-11-03 11:33:33] factorial(3,) -> 6
[2025-11-03 11:33:33] factorial(4,) -> 24
[2025-11-03 11:33:33] factorial(5,) -> 120
[2025-11-03 11:33:33] factorial(6,) -> 720
[2025-11-03 11:33:33] factorial(7,) -> 5040
[2025-11-03 11:33:33] factorial(8,) -> 40320
[2025-11-03 11:33:33] factorial(9,) -> 362880
[2025-11-03 11:33:33] factorial_memorized(10,) -> 3628800
[2025-11-03 11:33:33] to_celsius(100,) -> 37.77777777777778
[2025-11-03 11:33:33] to_fahrenheit(0,) -> 32.0
[2025-11-03 11:33:42] fib(1,) -> 1
[2025-11-03 11:33:42] fib(0,) -> 0
[2025-11-03 11:33:42] fib(2,) -> 1
[2025-11-03 11:33:42] fib(1,) -> 1
[2025-11-03 11:33:42] fib(3,) -> 2
[2025-11-03 11:33:42] fib(1,) -> 1
[2025-11-03 11:33:42] fib(0,) -> 0
[2025-11-03 11:33:42] fib(2,) -> 1
[2025-11-03 11:33:42] fib(4,) -> 3
[2025-11-03 11:33:42] fib(1,) -> 1
[2025-11-03 11:33:42] fib(0,) -> 0
[2025-11-03 11:33:42] fib(2,) -> 1
[2025-11-03 11:33:42] fib(1,) -> 1
[2025-11-03 11:33:42] fib(3,) -> 2
[2025-11-03 11:33:42] fib(5,) -> 5
[2025-11-03 11:33:42] fib_memorized(1,) -> 1
[2025-11-03 11:33:42] fib_memorized(0,) -> 0
[2025-11-03 11:33:42] fib_memorized(2,) -> 1
[2025-11-03 11:33:42] fib_memorized(1,) -> 1
[2025-11-03 11:33:42] fib_memorized(3,) -> 2
[2025-11-03 11:33:42] fib_memorized(2,) -> 1
[2025-11-03 11:33:42] fib_memorized(4,) -> 3
[2025-11-03 11:33:42] fib_memorized(3,) -> 2
[2025-11-03 11:33:42] fib_memorized(5,) -> 5
[2025-11-03 11:33:42] factorial(0,) -> 1
[2025-11-03 11:33:42] factorial(1,) -> 1
[2025-11-03 11:33:42] factorial(2,) -> 2
[2025-11-03 11:33:42] factorial(3,) -> 6
[2025-11-03 11:33:42] factorial(4,) -> 24
[2025-11-03 11:33:42] factorial(5,) -> 120
[2025-11-03 11:33:42] factorial(6,) -> 720
[2025-11-03 11:33:42] factorial(7,) -> 5040
[2025-11-03 11:33:42] factorial(8,) -> 40320
[2025-11-03 11:33:42] factorial(9,) -> 362880
[2025-11-03 11:33:42] factorial(10,) -> 3628800
[2025-11-03 11:33:42] factorial(0,) -> 1
[2025-11-03 11:33:42] factorial(1,) -> 1
[2025-11-03 11:33:42] factorial(2,) -> 2
[2025-11-03 11:33:42] factorial(3,) -> 6
[2025-11-03 11:33:42] factorial(4,) -> 24
[2025-11-03 11:33:42] factorial(5,) -> 120
[2025-11-03 11:33:42] factorial(6,) -> 720
[2025-11-03 11:33:42] factorial(7,) -> 5040
[2025-11-03 11:33:42] factorial(8,) -> 40320
[2025-11-03 11:33:42] factorial(9,) -> 362880
[2025-11-03 11:33:42] factorial_memorized(10,) -> 3628800
[2025-11-03 11:33:42] to_celsius(100,) -> 37.77777777777778
[2025-11-03 11:33:42] to_fahrenheit(0,) -> 32.0
[2025-11-03 11:33:49] fib(1,) -> 1
[2025-11-03 11:33:49] fib(0,) -> 0
[2025-11-03 11:33:49] fib(2,) -> 1
[2025-11-03 11:33:49] fib(1,) -> 1
[2025-11-03 11:33:49] fib(3,) -> 2
[2025-11-03 11:33:49] fib(1,) -> 1
[2025-11-03 11:33:49] fib(0,) -> 0
[2025-11-03 11:33:49] fib(2,) -> 1
[2025-11-03 11:33:49] fib(4,) -> 3
[2025-11-03 11:33:49] fib(1,) -> 1
[2025-11-03 11:33:49] fib(0,) -> 0
[2025-11-03 11:33:49] fib(2,) -> 1
[2025-11-03 11:33:49] fib(1,) -> 1
[2025-11-03 11:33:49] fib(3,) -> 2
[2025-11-03 11:33:49] fib(5,) -> 5
[2025-11-03 11:33:49] fib_memorized(1,) -> 1
[2025-11-03 11:33:49] fib_memorized(0,) -> 0
[2025-11-03 11:33:49] fib_memorized(2,) -> 1
[2025-11-03 11:33:49] fib_memorized(1,) -> 1
[2025-11-03 11:33:49] fib_memorized(3,) -> 2
[2025-11-03 11:33:49] fib_memorized(2,) -> 1
[2025-11-03 11:33:49] fib_memorized(4,) -> 3
[2025-11-03 11:33:49] fib_memorized(3,) -> 2
[2025-11-03 11:33:49] fib_memorized(5,) -> 5
[2025-11-03 11:33:49] factorial(0,) -> 1
[2025-11-03 11:33:49] factorial(1,) -> 1
[2025-11-03 11:33:49] factorial(2,) -> 2
[2025-11-03 11:33:49] factorial(3,) -> 6
[2025-11-03 11:33:49] factorial(4,) -> 24
[2025-11-03 11:33:49] factorial(5,) -> 120
[2025-11-03 11:33:49] factorial(6,) -> 720
[2025-11-03 11:33:49] factorial(7,) -> 5040
[2025-11-03 11:33:49] factorial(8,) -> 40320
[2025-11-03 11:33:49] factorial(9,) -> 362880
[2025-11-03 11:33:49] factorial(10,) -> 3628800
[2025-11-03 11:33:49] factorial(0,) -> 1
[2025-11-03 11:33:49] factorial(1,) -> 1
[2025-11-03 11:33:49] factorial(2,) -> 2
[2025-11-03 11:33:49] factorial(3,) -> 6
[2025-11-03 11:33:49] factorial(4,) -> 24
[2025-11-03 11:33:49] factorial(5,) -> 120
[2025-11-03 11:33:49] factorial(6,) -> 720
[2025-11-03 11:33:49] factorial(7,) -> 5040
[2025-11-03 11:33:49] factorial(8,) -> 40320
[2025-11-03 11:33:49] factorial(9,) -> 362880
[2025-11-03 11:33:49] factorial_memorized(10,) -> 3628800
[2025-11-03 11:33:49] to_celsius(100,) -> 37.77777777777778
[2025-11-03 11:33:49] to_fahrenheit(0,) -> 32.0
